Arguments: 
  /Users/lucas.campos/.nvm/versions/node/v14.18.1/bin/node /usr/local/Cellar/yarn/1.22.19/libexec/bin/yarn.js add three

PATH: 
  /Users/lucas.campos/.nvm/versions/node/v14.18.1/bin:/usr/local/bin:/usr/bin:/bin:/usr/sbin:/sbin:/Library/Apple/usr/bin

Yarn version: 
  1.22.19

Node version: 
  14.18.1

Platform: 
  darwin x64

Trace: 
  Error: getaddrinfo ENOTFOUND artifactory.klarna.net
      at GetAddrInfoReqWrap.onlookup [as oncomplete] (dns.js:71:26)

npm manifest: 
  {
    "name": "three-js-sample",
    "version": "1.0.0",
    "main": "index.js",
    "author": "lucasajc",
    "license": "MIT"
  }

yarn manifest: 
  No manifest

Lockfile: 
  No lockfile
